Build started 2015-05-07 11:42:20 PM.
     1>Project "C:\Users\Benjamin\Documents\Visual Studio 2013\Projects\FreeTypeBaseProject\FreeTypeBaseProject\FreeTypeBaseProject.vcxproj" on node 2 (Build target(s)).
     1>ClCompile:
         C:\Program Files (x86)\Microsoft Visual Studio 12.0\VC\bin\CL.exe /c /I"C:\Users\Benjamin\Documents\Visual Studio 2013\Projects\FreeTypeBaseProject\FreeGlut/include" /I"C:\Users\Benjamin\Documents\Visual Studio 2013\Projects\FreeTypeBaseProject\FreeType/Include" /ZI /nologo /W3 /WX- /sdl /Od /Oy- /D _MBCS /Gm /EHsc /RTC1 /MDd /GS /fp:precise /Zc:wchar_t /Zc:forScope /Fo"Debug\\" /Fd"Debug\vc120.pdb" /Gd /TP /analyze- /errorReport:prompt TextBox.cpp
         TextBox.cpp
     1>c:\users\benjamin\documents\visual studio 2013\projects\freetypebaseproject\freetypebaseproject\textbox.cpp(46): warning C4018: '>=' : signed/unsigned mismatch
     1>c:\users\benjamin\documents\visual studio 2013\projects\freetypebaseproject\freetypebaseproject\textbox.cpp(48): warning C4018: '>=' : signed/unsigned mismatch
     1>c:\users\benjamin\documents\visual studio 2013\projects\freetypebaseproject\freetypebaseproject\textbox.cpp(88): warning C4018: '<' : signed/unsigned mismatch
     1>c:\users\benjamin\documents\visual studio 2013\projects\freetypebaseproject\freetypebaseproject\textbox.cpp(157): warning C4018: '<' : signed/unsigned mismatch
     1>c:\users\benjamin\documents\visual studio 2013\projects\freetypebaseproject\freetypebaseproject\textbox.cpp(160): warning C4018: '<' : signed/unsigned mismatch
     1>c:\users\benjamin\documents\visual studio 2013\projects\freetypebaseproject\freetypebaseproject\textbox.cpp(190): warning C4018: '<' : signed/unsigned mismatch
     1>c:\users\benjamin\documents\visual studio 2013\projects\freetypebaseproject\freetypebaseproject\textbox.cpp(209): warning C4018: '<' : signed/unsigned mismatch
     1>c:\users\benjamin\documents\visual studio 2013\projects\freetypebaseproject\freetypebaseproject\textbox.cpp(213): warning C4018: '<' : signed/unsigned mismatch
     1>c:\users\benjamin\documents\visual studio 2013\projects\freetypebaseproject\freetypebaseproject\textbox.cpp(235): warning C4018: '<' : signed/unsigned mismatch
     1>c:\users\benjamin\documents\visual studio 2013\projects\freetypebaseproject\freetypebaseproject\textbox.cpp(239): warning C4018: '<' : signed/unsigned mismatch
     1>c:\users\benjamin\documents\visual studio 2013\projects\freetypebaseproject\freetypebaseproject\textbox.cpp(269): warning C4018: '<' : signed/unsigned mismatch
     1>c:\users\benjamin\documents\visual studio 2013\projects\freetypebaseproject\freetypebaseproject\textbox.cpp(278): warning C4018: '<' : signed/unsigned mismatch
     1>c:\users\benjamin\documents\visual studio 2013\projects\freetypebaseproject\freetypebaseproject\textbox.cpp(288): warning C4018: '>=' : signed/unsigned mismatch
     1>c:\users\benjamin\documents\visual studio 2013\projects\freetypebaseproject\freetypebaseproject\textbox.cpp(344): warning C4018: '>=' : signed/unsigned mismatch
       Link:
         C:\Program Files (x86)\Microsoft Visual Studio 12.0\VC\bin\link.exe /ERRORREPORT:PROMPT /OUT:"C:\Users\Benjamin\Documents\Visual Studio 2013\Projects\FreeTypeBaseProject\Debug\FreeTypeBaseProject.exe" /INCREMENTAL /NOLOGO /LIBPATH:"C:\Users\Benjamin\Documents\Visual Studio 2013\Projects\FreeTypeBaseProject\FreeGlut/libs/Debug" /LIBPATH:"C:\Users\Benjamin\Documents\Visual Studio 2013\Projects\FreeTypeBaseProject\FreeType/Libs/Debug" freeglut.lib freetype240.lib kernel32.lib user32.lib gdi32.lib winspool.lib comdlg32.lib advapi32.lib shell32.lib ole32.lib oleaut32.lib uuid.lib odbc32.lib odbccp32.lib kernel32.lib user32.lib gdi32.lib winspool.lib comdlg32.lib advapi32.lib shell32.lib ole32.lib oleaut32.lib uuid.lib odbc32.lib odbccp32.lib /MANIFEST /MANIFESTUAC:"level='asInvoker' uiAccess='false'" /manifest:embed /DEBUG /PDB:"C:\Users\Benjamin\Documents\Visual Studio 2013\Projects\FreeTypeBaseProject\Debug\FreeTypeBaseProject.pdb" /TLBID:1 /DYNAMICBASE /NXCOMPAT /IMPLIB:"C:\Users\Benjamin\Documents\Visual Studio 2013\Projects\FreeTypeBaseProject\Debug\FreeTypeBaseProject.lib" /MACHINE:X86 Debug\CharacterCatalogue.obj
         Debug\GraphicCharacter.obj
         Debug\GraphicString.obj
         Debug\Source.obj
         Debug\TextBox.obj
         FreeTypeBaseProject.vcxproj -> C:\Users\Benjamin\Documents\Visual Studio 2013\Projects\FreeTypeBaseProject\Debug\FreeTypeBaseProject.exe
     1>Done Building Project "C:\Users\Benjamin\Documents\Visual Studio 2013\Projects\FreeTypeBaseProject\FreeTypeBaseProject\FreeTypeBaseProject.vcxproj" (Build target(s)).

Build succeeded.

Time Elapsed 00:00:02.13
